2025-06-04T17:55:12.226+05:30  INFO 29776 --- [DoctorAvailability] [main] c.d.a.DoctorAvailabilityApplication      : Starting DoctorAvailabilityApplication using Java 21.0.6 with PID 29776 (C:\Users\2406311\Downloads\healthcare-appointment-scheduling-main\healthcare-appointment-scheduling-main\DoctorAvailability\target\classes started by 2406311 in C:\Users\2406311\Downloads\healthcare-appointment-scheduling-main\healthcare-appointment-scheduling-main\DoctorAvailability)
2025-06-04T17:55:12.230+05:30  INFO 29776 --- [DoctorAvailability] [main] c.d.a.DoctorAvailabilityApplication      : No active profile set, falling back to 1 default profile: "default"
2025-06-04T17:55:13.284+05:30  INFO 29776 --- [DoctorAvailability] [main] .s.d.r.c.RepositoryConfigurationDelegate : Bootstrapping Spring Data JPA repositories in DEFAULT mode.
2025-06-04T17:55:13.754+05:30  INFO 29776 --- [DoctorAvailability] [main] .s.d.r.c.RepositoryConfigurationDelegate : Finished Spring Data repository scanning in 444 ms. Found 7 JPA repository interfaces.
2025-06-04T17:55:14.791+05:30  INFO 29776 --- [DoctorAvailability] [main] o.s.b.w.embedded.tomcat.TomcatWebServer  : Tomcat initialized with port 8088 (http)
2025-06-04T17:55:14.816+05:30  INFO 29776 --- [DoctorAvailability] [main] o.apache.catalina.core.StandardService   : Starting service [Tomcat]
2025-06-04T17:55:14.817+05:30  INFO 29776 --- [DoctorAvailability] [main] o.apache.catalina.core.StandardEngine    : Starting Servlet engine: [Apache Tomcat/10.1.41]
2025-06-04T17:55:14.921+05:30  INFO 29776 --- [DoctorAvailability] [main] o.a.c.c.C.[Tomcat].[localhost].[/]       : Initializing Spring embedded WebApplicationContext
2025-06-04T17:55:14.922+05:30  INFO 29776 --- [DoctorAvailability] [main] w.s.c.ServletWebServerApplicationContext : Root WebApplicationContext: initialization completed in 2585 ms
2025-06-04T17:55:15.207+05:30  INFO 29776 --- [DoctorAvailability] [main] o.hibernate.jpa.internal.util.LogHelper  : HHH000204: Processing PersistenceUnitInfo [name: default]
2025-06-04T17:55:15.329+05:30  INFO 29776 --- [DoctorAvailability] [main] org.hibernate.Version                    : HHH000412: Hibernate ORM core version 6.6.15.Final
2025-06-04T17:55:15.401+05:30  INFO 29776 --- [DoctorAvailability] [main] o.h.c.internal.RegionFactoryInitiator    : HHH000026: Second-level cache disabled
2025-06-04T17:55:15.868+05:30  INFO 29776 --- [DoctorAvailability] [main] o.s.o.j.p.SpringPersistenceUnitInfo      : No LoadTimeWeaver setup: ignoring JPA class transformer
2025-06-04T17:55:15.919+05:30  INFO 29776 --- [DoctorAvailability] [main] com.zaxxer.hikari.HikariDataSource       : HikariPool-1 - Starting...
2025-06-04T17:55:16.655+05:30  INFO 29776 --- [DoctorAvailability] [main] com.zaxxer.hikari.pool.HikariPool        : HikariPool-1 - Added connection com.mysql.cj.jdbc.ConnectionImpl@51cca357
2025-06-04T17:55:16.659+05:30  INFO 29776 --- [DoctorAvailability] [main] com.zaxxer.hikari.HikariDataSource       : HikariPool-1 - Start completed.
2025-06-04T17:55:16.764+05:30  WARN 29776 --- [DoctorAvailability] [main] org.hibernate.orm.deprecation            : HHH90000025: MySQL8Dialect does not need to be specified explicitly using 'hibernate.dialect' (remove the property setting and it will be selected by default)
2025-06-04T17:55:16.776+05:30  WARN 29776 --- [DoctorAvailability] [main] org.hibernate.orm.deprecation            : HHH90000026: MySQL8Dialect has been deprecated; use org.hibernate.dialect.MySQLDialect instead
2025-06-04T17:55:16.835+05:30  INFO 29776 --- [DoctorAvailability] [main] org.hibernate.orm.connections.pooling    : HHH10001005: Database info:
	Database JDBC URL [Connecting through datasource 'HikariDataSource (HikariPool-1)']
	Database driver: undefined/unknown
	Database version: 8.0
	Autocommit mode: undefined/unknown
	Isolation level: undefined/unknown
	Minimum pool size: undefined/unknown
	Maximum pool size: undefined/unknown
2025-06-04T17:55:18.447+05:30  INFO 29776 --- [DoctorAvailability] [main] o.h.e.t.j.p.i.JtaPlatformInitiator       : HHH000489: No JTA platform available (set 'hibernate.transaction.jta.platform' to enable JTA platform integration)
2025-06-04T17:55:18.657+05:30  INFO 29776 --- [DoctorAvailability] [main] j.LocalContainerEntityManagerFactoryBean : Initialized JPA EntityManagerFactory for persistence unit 'default'
2025-06-04T17:55:19.281+05:30  WARN 29776 --- [DoctorAvailability] [main] JpaBaseConfiguration$JpaWebConfiguration : spring.jpa.open-in-view is enabled by default. Therefore, database queries may be performed during view rendering. Explicitly configure spring.jpa.open-in-view to disable this warning
2025-06-04T17:55:19.933+05:30  INFO 29776 --- [DoctorAvailability] [main] .w.s.a.s.AnnotationActionEndpointMapping : Supporting [WS-Addressing August 2004, WS-Addressing 1.0]
2025-06-04T17:55:20.048+05:30  INFO 29776 --- [DoctorAvailability] [main] o.s.b.w.embedded.tomcat.TomcatWebServer  : Tomcat started on port 8088 (http) with context path '/'
2025-06-04T17:55:20.063+05:30  INFO 29776 --- [DoctorAvailability] [main] c.d.a.DoctorAvailabilityApplication      : Started DoctorAvailabilityApplication in 8.632 seconds (process running for 10.3)
2025-06-04T17:58:12.884+05:30  INFO 29776 --- [DoctorAvailability] [RMI TCP Connection(5)-127.0.0.1] inMXBeanRegistrar$SpringApplicationAdmin : Application shutdown requested.
2025-06-04T17:58:12.893+05:30  INFO 29776 --- [DoctorAvailability] [RMI TCP Connection(5)-127.0.0.1] o.s.b.w.e.tomcat.GracefulShutdown        : Commencing graceful shutdown. Waiting for active requests to complete
2025-06-04T17:58:12.924+05:30  INFO 29776 --- [DoctorAvailability] [tomcat-shutdown] o.s.b.w.e.tomcat.GracefulShutdown        : Graceful shutdown complete
2025-06-04T17:58:12.938+05:30  INFO 29776 --- [DoctorAvailability] [RMI TCP Connection(5)-127.0.0.1] j.LocalContainerEntityManagerFactoryBean : Closing JPA EntityManagerFactory for persistence unit 'default'
2025-06-04T17:58:12.943+05:30  INFO 29776 --- [DoctorAvailability] [RMI TCP Connection(5)-127.0.0.1] com.zaxxer.hikari.HikariDataSource       : HikariPool-1 - Shutdown initiated...
2025-06-04T17:58:12.973+05:30  INFO 29776 --- [DoctorAvailability] [RMI TCP Connection(5)-127.0.0.1] com.zaxxer.hikari.HikariDataSource       : HikariPool-1 - Shutdown completed.
